2014-04-15 13:04:26.980 HelloCordova[1420:70b] Multi-tasking -> Device: YES, App: YES
2014-04-15 13:04:27.002 HelloCordova[1420:70b] Unlimited access to network resources
2014-04-15 13:04:27.211 HelloCordova[1420:70b] [CDVTimer][statusbar] 58.963001ms
2014-04-15 13:04:27.211 HelloCordova[1420:70b] [CDVTimer][TotalPluginStartup] 59.460998ms
2014-04-15 13:04:27.309 HelloCordova[1420:70b] Resetting plugins due to page load.
2014-04-15 13:04:27.536 HelloCordova[1420:70b] Finished load of: file:///Users/ylzheng/Library/Application%20Support/iPhone%20Simulator/7.1/Applications/36F80169-3018-419B-8B90-E1C5456B392F/HelloCordova.app/www/index.html#/tab/dash
Terminating in response to SpringBoard's termination.
2014-04-15 13:20:46.386 HelloCordova[1851:70b] Multi-tasking -> Device: YES, App: YES
2014-04-15 13:20:46.393 HelloCordova[1851:70b] Unlimited access to network resources
2014-04-15 13:20:46.415 HelloCordova[1851:70b] [CDVTimer][statusbar] 7.057011ms
2014-04-15 13:20:46.415 HelloCordova[1851:70b] [CDVTimer][TotalPluginStartup] 7.466018ms
2014-04-15 13:20:46.495 HelloCordova[1851:70b] Resetting plugins due to page load.
2014-04-15 13:20:46.616 HelloCordova[1851:70b] Finished load of: file:///Users/ylzheng/Library/Application%20Support/iPhone%20Simulator/7.1/Applications/36F80169-3018-419B-8B90-E1C5456B392F/HelloCordova.app/www/index.html
2014-04-15 14:14:53.642 HelloCordova[2117:70b] Multi-tasking -> Device: YES, App: YES
2014-04-15 14:14:53.647 HelloCordova[2117:70b] Unlimited access to network resources
2014-04-15 14:14:53.665 HelloCordova[2117:70b] [CDVTimer][statusbar] 4.774034ms
2014-04-15 14:14:53.665 HelloCordova[2117:70b] [CDVTimer][TotalPluginStartup] 5.089998ms
2014-04-15 14:14:53.736 HelloCordova[2117:70b] Resetting plugins due to page load.
2014-04-15 14:14:53.819 HelloCordova[2117:70b] Finished load of: file:///Users/ylzheng/Library/Application%20Support/iPhone%20Simulator/7.1/Applications/36F80169-3018-419B-8B90-E1C5456B392F/HelloCordova.app/www/index.html
2014-04-15 14:19:14.880 HelloCordova[2315:70b] Multi-tasking -> Device: YES, App: YES
2014-04-15 14:19:14.887 HelloCordova[2315:70b] Unlimited access to network resources
2014-04-15 14:19:14.909 HelloCordova[2315:70b] [CDVTimer][statusbar] 5.212963ms
2014-04-15 14:19:14.910 HelloCordova[2315:70b] [CDVTimer][TotalPluginStartup] 5.519986ms
2014-04-15 14:19:15.009 HelloCordova[2315:70b] Resetting plugins due to page load.
2014-04-15 14:19:15.134 HelloCordova[2315:70b] Finished load of: file:///Users/ylzheng/Library/Application%20Support/iPhone%20Simulator/7.1/Applications/36F80169-3018-419B-8B90-E1C5456B392F/HelloCordova.app/www/index.html
2014-04-15 14:52:17.403 HelloCordova[2572:70b] Multi-tasking -> Device: YES, App: YES
2014-04-15 14:52:17.409 HelloCordova[2572:70b] Unlimited access to network resources
2014-04-15 14:52:17.432 HelloCordova[2572:70b] [CDVTimer][statusbar] 7.094026ms
2014-04-15 14:52:17.433 HelloCordova[2572:70b] [CDVTimer][TotalPluginStartup] 7.552981ms
2014-04-15 14:52:17.555 HelloCordova[2572:70b] Resetting plugins due to page load.
2014-04-15 14:53:33.920 HelloCordova[2572:3f03] void SendDelegateMessage(NSInvocation *): delegate (webView:runJavaScriptTextInputPanelWithPrompt:defaultText:initiatedByFrame:) failed to return after waiting 10 seconds. main run loop mode: kCFRunLoopDefaultMode
2014-04-15 14:53:33.961 HelloCordova[2572:70b] Finished load of: file:///Users/ylzheng/Library/Application%20Support/iPhone%20Simulator/7.1/Applications/36F80169-3018-419B-8B90-E1C5456B392F/HelloCordova.app/www/index.html
2014-04-15 16:12:46.689 HelloCordova[3019:70b] Multi-tasking -> Device: YES, App: YES
2014-04-15 16:12:46.694 HelloCordova[3019:70b] Unlimited access to network resources
2014-04-15 16:12:46.714 HelloCordova[3019:70b] [CDVTimer][statusbar] 5.385041ms
2014-04-15 16:12:46.715 HelloCordova[3019:70b] [CDVTimer][TotalPluginStartup] 5.751967ms
2014-04-15 16:12:46.781 HelloCordova[3019:70b] Resetting plugins due to page load.
2014-04-15 16:12:46.934 HelloCordova[3019:70b] Finished load of: file:///Users/ylzheng/Library/Application%20Support/iPhone%20Simulator/7.1/Applications/36F80169-3018-419B-8B90-E1C5456B392F/HelloCordova.app/www/index.html
2014-04-15 18:20:16.564 HelloCordova[3701:70b] Multi-tasking -> Device: YES, App: YES
2014-04-15 18:20:16.572 HelloCordova[3701:70b] Unlimited access to network resources
2014-04-15 18:20:16.593 HelloCordova[3701:70b] [CDVTimer][statusbar] 5.882025ms
2014-04-15 18:20:16.593 HelloCordova[3701:70b] [CDVTimer][TotalPluginStartup] 6.272972ms
2014-04-15 18:20:16.681 HelloCordova[3701:70b] Resetting plugins due to page load.
2014-04-15 18:20:16.822 HelloCordova[3701:70b] Finished load of: file:///Users/ylzheng/Library/Application%20Support/iPhone%20Simulator/7.1/Applications/36F80169-3018-419B-8B90-E1C5456B392F/HelloCordova.app/www/index.html
Terminating in response to SpringBoard's termination.
2014-04-15 19:31:07.349 HelloCordova[4272:70b] Multi-tasking -> Device: YES, App: YES
2014-04-15 19:31:07.357 HelloCordova[4272:70b] Unlimited access to network resources
2014-04-15 19:31:07.377 HelloCordova[4272:70b] [CDVTimer][statusbar] 5.171001ms
2014-04-15 19:31:07.377 HelloCordova[4272:70b] [CDVTimer][TotalPluginStartup] 5.549014ms
2014-04-15 19:31:07.468 HelloCordova[4272:70b] Resetting plugins due to page load.
2014-04-15 19:31:07.645 HelloCordova[4272:70b] Finished load of: file:///Users/ylzheng/Library/Application%20Support/iPhone%20Simulator/7.1/Applications/36F80169-3018-419B-8B90-E1C5456B392F/HelloCordova.app/www/index.html
Terminating in response to SpringBoard's termination.
2014-04-15 19:32:16.170 HelloCordova[4476:70b] Multi-tasking -> Device: YES, App: YES
2014-04-15 19:32:16.199 HelloCordova[4476:70b] Unlimited access to network resources
2014-04-15 19:32:16.278 HelloCordova[4476:70b] [CDVTimer][statusbar] 21.890998ms
2014-04-15 19:32:16.280 HelloCordova[4476:70b] [CDVTimer][TotalPluginStartup] 23.941994ms
2014-04-15 19:32:16.738 HelloCordova[4476:70b] Resetting plugins due to page load.
2014-04-15 19:32:17.472 HelloCordova[4476:70b] Finished load of: file:///Users/ylzheng/Library/Application%20Support/iPhone%20Simulator/7.1/Applications/36F80169-3018-419B-8B90-E1C5456B392F/HelloCordova.app/www/index.html
objc[4476]: Class AXEmojiUtilities is implemented in both /Applications/Xcode.app/Contents/Developer/Platforms/iPhoneSimulator.platform/Developer/SDKs/iPhoneSimulator7.1.sdk/System/Library/PrivateFrameworks/AccessibilityUtilities.framework/AccessibilityUtilities and /Applications/Xcode.app/Contents/Developer/Platforms/iPhoneSimulator.platform/Developer/SDKs/iPhoneSimulator7.1.sdk/usr/lib/libAXSpeechManager.dylib. One of the two will be used. Which one is undefined.
2014-04-15 19:34:28.441 HelloCordova[4476:70b] Cannot find executable for CFBundle 0xa788900 </Applications/Xcode.app/Contents/Developer/Platforms/iPhoneSimulator.platform/Developer/SDKs/iPhoneSimulator7.1.sdk/System/Library/AccessibilityBundles/CertUIFramework.axbundle> (not loaded)
2014-04-15 19:34:28.446 HelloCordova[4476:70b] Cannot find executable for CFBundle 0xa788070 </Applications/Xcode.app/Contents/Developer/Platforms/iPhoneSimulator.platform/Developer/SDKs/iPhoneSimulator7.1.sdk/System/Library/AccessibilityBundles/MusicLibrary.axbundle> (not loaded)
2014-04-15 19:34:28.478 HelloCordova[4476:70b] Cannot find executable for CFBundle 0xa9a1630 </Applications/Xcode.app/Contents/Developer/Platforms/iPhoneSimulator.platform/Developer/SDKs/iPhoneSimulator7.1.sdk/System/Library/AccessibilityBundles/GeoServices.axbundle> (not loaded)
Terminating in response to SpringBoard's termination.
objc[4717]: Class AXEmojiUtilities is implemented in both /Applications/Xcode.app/Contents/Developer/Platforms/iPhoneSimulator.platform/Developer/SDKs/iPhoneSimulator7.1.sdk/System/Library/PrivateFrameworks/AccessibilityUtilities.framework/AccessibilityUtilities and /Applications/Xcode.app/Contents/Developer/Platforms/iPhoneSimulator.platform/Developer/SDKs/iPhoneSimulator7.1.sdk/usr/lib/libAXSpeechManager.dylib. One of the two will be used. Which one is undefined.
2014-04-15 19:36:48.951 HelloCordova[4717:70b] Cannot find executable for CFBundle 0xa975470 </Applications/Xcode.app/Contents/Developer/Platforms/iPhoneSimulator.platform/Developer/SDKs/iPhoneSimulator7.1.sdk/System/Library/AccessibilityBundles/CertUIFramework.axbundle> (not loaded)
2014-04-15 19:36:48.966 HelloCordova[4717:70b] Cannot find executable for CFBundle 0xa789590 </Applications/Xcode.app/Contents/Developer/Platforms/iPhoneSimulator.platform/Developer/SDKs/iPhoneSimulator7.1.sdk/System/Library/AccessibilityBundles/GeoServices.axbundle> (not loaded)
2014-04-15 19:36:49.054 HelloCordova[4717:70b] Multi-tasking -> Device: YES, App: YES
2014-04-15 19:36:49.076 HelloCordova[4717:70b] Unlimited access to network resources
2014-04-15 19:36:49.142 HelloCordova[4717:70b] [CDVTimer][statusbar] 17.416000ms
2014-04-15 19:36:49.144 HelloCordova[4717:70b] [CDVTimer][TotalPluginStartup] 18.881977ms
2014-04-15 19:36:49.591 HelloCordova[4717:70b] Resetting plugins due to page load.
2014-04-15 19:36:50.140 HelloCordova[4717:70b] Finished load of: file:///Users/ylzheng/Library/Application%20Support/iPhone%20Simulator/7.1/Applications/36F80169-3018-419B-8B90-E1C5456B392F/HelloCordova.app/www/index.html
Terminating in response to SpringBoard's termination.
objc[782]: Class AXEmojiUtilities is implemented in both /Applications/Xcode.app/Contents/Developer/Platforms/iPhoneSimulator.platform/Developer/SDKs/iPhoneSimulator7.1.sdk/System/Library/PrivateFrameworks/AccessibilityUtilities.framework/AccessibilityUtilities and /Applications/Xcode.app/Contents/Developer/Platforms/iPhoneSimulator.platform/Developer/SDKs/iPhoneSimulator7.1.sdk/usr/lib/libAXSpeechManager.dylib. One of the two will be used. Which one is undefined.
2014-04-15 21:25:25.819 HelloCordova[782:70b] Cannot find executable for CFBundle 0xb1767c0 </Applications/Xcode.app/Contents/Developer/Platforms/iPhoneSimulator.platform/Developer/SDKs/iPhoneSimulator7.1.sdk/System/Library/AccessibilityBundles/GeoServices.axbundle> (not loaded)
2014-04-15 21:25:25.822 HelloCordova[782:70b] Cannot find executable for CFBundle 0xa7464b0 </Applications/Xcode.app/Contents/Developer/Platforms/iPhoneSimulator.platform/Developer/SDKs/iPhoneSimulator7.1.sdk/System/Library/AccessibilityBundles/CertUIFramework.axbundle> (not loaded)
2014-04-15 21:25:25.869 HelloCordova[782:70b] Multi-tasking -> Device: YES, App: YES
2014-04-15 21:25:25.892 HelloCordova[782:70b] Unlimited access to network resources
2014-04-15 21:25:26.042 HelloCordova[782:70b] [CDVTimer][statusbar] 40.201008ms
2014-04-15 21:25:26.043 HelloCordova[782:70b] [CDVTimer][TotalPluginStartup] 40.569007ms
2014-04-15 21:25:26.128 HelloCordova[782:70b] Resetting plugins due to page load.
2014-04-15 21:25:26.369 HelloCordova[782:70b] Finished load of: file:///Users/ylzheng/Library/Application%20Support/iPhone%20Simulator/7.1/Applications/36F80169-3018-419B-8B90-E1C5456B392F/HelloCordova.app/www/index.html
Terminating in response to SpringBoard's termination.
objc[1034]: Class AXEmojiUtilities is implemented in both /Applications/Xcode.app/Contents/Developer/Platforms/iPhoneSimulator.platform/Developer/SDKs/iPhoneSimulator7.1.sdk/System/Library/PrivateFrameworks/AccessibilityUtilities.framework/AccessibilityUtilities and /Applications/Xcode.app/Contents/Developer/Platforms/iPhoneSimulator.platform/Developer/SDKs/iPhoneSimulator7.1.sdk/usr/lib/libAXSpeechManager.dylib. One of the two will be used. Which one is undefined.
2014-04-15 21:35:02.358 HelloCordova[1034:70b] Cannot find executable for CFBundle 0xc64e360 </Applications/Xcode.app/Contents/Developer/Platforms/iPhoneSimulator.platform/Developer/SDKs/iPhoneSimulator7.1.sdk/System/Library/AccessibilityBundles/GeoServices.axbundle> (not loaded)
2014-04-15 21:35:02.364 HelloCordova[1034:70b] Cannot find executable for CFBundle 0xa53a7c0 </Applications/Xcode.app/Contents/Developer/Platforms/iPhoneSimulator.platform/Developer/SDKs/iPhoneSimulator7.1.sdk/System/Library/AccessibilityBundles/CertUIFramework.axbundle> (not loaded)
2014-04-15 21:35:02.406 HelloCordova[1034:70b] Multi-tasking -> Device: YES, App: YES
2014-04-15 21:35:02.411 HelloCordova[1034:70b] Unlimited access to network resources
2014-04-15 21:35:02.428 HelloCordova[1034:70b] [CDVTimer][statusbar] 4.468024ms
2014-04-15 21:35:02.429 HelloCordova[1034:70b] [CDVTimer][TotalPluginStartup] 4.877031ms
2014-04-15 21:35:02.513 HelloCordova[1034:70b] Resetting plugins due to page load.
2014-04-15 21:35:02.659 HelloCordova[1034:70b] Finished load of: file:///Users/ylzheng/Library/Application%20Support/iPhone%20Simulator/7.1/Applications/36F80169-3018-419B-8B90-E1C5456B392F/HelloCordova.app/www/index.html
Terminating in response to SpringBoard's termination.
objc[1243]: Class AXEmojiUtilities is implemented in both /Applications/Xcode.app/Contents/Developer/Platforms/iPhoneSimulator.platform/Developer/SDKs/iPhoneSimulator7.1.sdk/System/Library/PrivateFrameworks/AccessibilityUtilities.framework/AccessibilityUtilities and /Applications/Xcode.app/Contents/Developer/Platforms/iPhoneSimulator.platform/Developer/SDKs/iPhoneSimulator7.1.sdk/usr/lib/libAXSpeechManager.dylib. One of the two will be used. Which one is undefined.
2014-04-15 21:36:27.521 HelloCordova[1243:70b] Cannot find executable for CFBundle 0xa358420 </Applications/Xcode.app/Contents/Developer/Platforms/iPhoneSimulator.platform/Developer/SDKs/iPhoneSimulator7.1.sdk/System/Library/AccessibilityBundles/GeoServices.axbundle> (not loaded)
2014-04-15 21:36:27.525 HelloCordova[1243:70b] Cannot find executable for CFBundle 0xbf48550 </Applications/Xcode.app/Contents/Developer/Platforms/iPhoneSimulator.platform/Developer/SDKs/iPhoneSimulator7.1.sdk/System/Library/AccessibilityBundles/CertUIFramework.axbundle> (not loaded)
2014-04-15 21:36:27.563 HelloCordova[1243:70b] Multi-tasking -> Device: YES, App: YES
2014-04-15 21:36:27.568 HelloCordova[1243:70b] Unlimited access to network resources
2014-04-15 21:36:27.585 HelloCordova[1243:70b] [CDVTimer][statusbar] 5.110979ms
2014-04-15 21:36:27.585 HelloCordova[1243:70b] [CDVTimer][TotalPluginStartup] 5.420983ms
2014-04-15 21:36:27.666 HelloCordova[1243:70b] Resetting plugins due to page load.
2014-04-15 21:36:27.814 HelloCordova[1243:70b] Finished load of: file:///Users/ylzheng/Library/Application%20Support/iPhone%20Simulator/7.1/Applications/36F80169-3018-419B-8B90-E1C5456B392F/HelloCordova.app/www/index.html
objc[765]: Class AXEmojiUtilities is implemented in both /Applications/Xcode.app/Contents/Developer/Platforms/iPhoneSimulator.platform/Developer/SDKs/iPhoneSimulator7.1.sdk/System/Library/PrivateFrameworks/AccessibilityUtilities.framework/AccessibilityUtilities and /Applications/Xcode.app/Contents/Developer/Platforms/iPhoneSimulator.platform/Developer/SDKs/iPhoneSimulator7.1.sdk/usr/lib/libAXSpeechManager.dylib. One of the two will be used. Which one is undefined.
2014-04-16 08:49:17.209 TODO[765:70b] Cannot find executable for CFBundle 0xa771390 </Applications/Xcode.app/Contents/Developer/Platforms/iPhoneSimulator.platform/Developer/SDKs/iPhoneSimulator7.1.sdk/System/Library/AccessibilityBundles/GeoServices.axbundle> (not loaded)
2014-04-16 08:49:17.227 TODO[765:70b] Cannot find executable for CFBundle 0xa780780 </Applications/Xcode.app/Contents/Developer/Platforms/iPhoneSimulator.platform/Developer/SDKs/iPhoneSimulator7.1.sdk/System/Library/AccessibilityBundles/CertUIFramework.axbundle> (not loaded)
2014-04-16 08:49:17.271 TODO[765:70b] Multi-tasking -> Device: YES, App: YES
2014-04-16 08:49:17.293 TODO[765:70b] Unlimited access to network resources
2014-04-16 08:49:17.308 TODO[765:70b] Fix applied for database locations?: YES
2014-04-16 08:49:17.465 TODO[765:70b] [CDVTimer][statusbar] 51.199019ms
2014-04-16 08:49:17.466 TODO[765:70b] [CDVTimer][TotalPluginStartup] 51.703036ms
2014-04-16 08:49:17.567 TODO[765:70b] Resetting plugins due to page load.
2014-04-16 08:49:17.993 TODO[765:70b] Finished load of: file:///Users/ylzheng/Library/Application%20Support/iPhone%20Simulator/7.1/Applications/5ABF548F-5871-437B-B734-09C0CF65D85E/TODO.app/www/index.html
objc[1301]: Class AXEmojiUtilities is implemented in both /Applications/Xcode.app/Contents/Developer/Platforms/iPhoneSimulator.platform/Developer/SDKs/iPhoneSimulator7.1.sdk/System/Library/PrivateFrameworks/AccessibilityUtilities.framework/AccessibilityUtilities and /Applications/Xcode.app/Contents/Developer/Platforms/iPhoneSimulator.platform/Developer/SDKs/iPhoneSimulator7.1.sdk/usr/lib/libAXSpeechManager.dylib. One of the two will be used. Which one is undefined.
2014-04-16 09:47:18.696 TODO[1301:70b] Cannot find executable for CFBundle 0xf7652d0 </Applications/Xcode.app/Contents/Developer/Platforms/iPhoneSimulator.platform/Developer/SDKs/iPhoneSimulator7.1.sdk/System/Library/AccessibilityBundles/CertUIFramework.axbundle> (not loaded)
2014-04-16 09:47:18.699 TODO[1301:70b] Cannot find executable for CFBundle 0xa3606f0 </Applications/Xcode.app/Contents/Developer/Platforms/iPhoneSimulator.platform/Developer/SDKs/iPhoneSimulator7.1.sdk/System/Library/AccessibilityBundles/GeoServices.axbundle> (not loaded)
2014-04-16 09:47:18.738 TODO[1301:70b] Multi-tasking -> Device: YES, App: YES
2014-04-16 09:47:18.745 TODO[1301:70b] Unlimited access to network resources
2014-04-16 09:47:18.763 TODO[1301:70b] [CDVTimer][statusbar] 4.261017ms
2014-04-16 09:47:18.763 TODO[1301:70b] [CDVTimer][TotalPluginStartup] 4.592001ms
2014-04-16 09:47:18.834 TODO[1301:70b] Resetting plugins due to page load.
2014-04-16 09:47:18.981 TODO[1301:70b] Finished load of: file:///Users/ylzheng/Library/Application%20Support/iPhone%20Simulator/7.1/Applications/5ABF548F-5871-437B-B734-09C0CF65D85E/TODO.app/www/index.html
Terminating in response to SpringBoard's termination.
objc[1595]: Class AXEmojiUtilities is implemented in both /Applications/Xcode.app/Contents/Developer/Platforms/iPhoneSimulator.platform/Developer/SDKs/iPhoneSimulator7.1.sdk/System/Library/PrivateFrameworks/AccessibilityUtilities.framework/AccessibilityUtilities and /Applications/Xcode.app/Contents/Developer/Platforms/iPhoneSimulator.platform/Developer/SDKs/iPhoneSimulator7.1.sdk/usr/lib/libAXSpeechManager.dylib. One of the two will be used. Which one is undefined.
2014-04-16 10:10:49.404 TODO[1595:70b] Cannot find executable for CFBundle 0xa44ca00 </Applications/Xcode.app/Contents/Developer/Platforms/iPhoneSimulator.platform/Developer/SDKs/iPhoneSimulator7.1.sdk/System/Library/AccessibilityBundles/GeoServices.axbundle> (not loaded)
2014-04-16 10:10:49.410 TODO[1595:70b] Cannot find executable for CFBundle 0xa545150 </Applications/Xcode.app/Contents/Developer/Platforms/iPhoneSimulator.platform/Developer/SDKs/iPhoneSimulator7.1.sdk/System/Library/AccessibilityBundles/CertUIFramework.axbundle> (not loaded)
2014-04-16 10:10:49.446 TODO[1595:70b] Multi-tasking -> Device: YES, App: YES
2014-04-16 10:10:49.452 TODO[1595:70b] Unlimited access to network resources
2014-04-16 10:10:49.476 TODO[1595:70b] [CDVTimer][statusbar] 5.550981ms
2014-04-16 10:10:49.477 TODO[1595:70b] [CDVTimer][TotalPluginStartup] 5.980968ms
2014-04-16 10:10:49.552 TODO[1595:70b] Resetting plugins due to page load.
2014-04-16 10:10:49.720 TODO[1595:70b] Finished load of: file:///Users/ylzheng/Library/Application%20Support/iPhone%20Simulator/7.1/Applications/5ABF548F-5871-437B-B734-09C0CF65D85E/TODO.app/www/index.html
